build/app/outputs/mapping/release/seeds.txt
com.bludrusd.baubau.MainActivity
com.bludrusd.baubau.MainActivity: MainActivity()
...
androidx.window.layout.SidecarCompat$DistinctSidecarElementCallback: androidx.window.layout.SidecarAdapter sidecarAdapter
androidx.window.embedding.EmbeddingCompat: androidx.window.embedding.EmbeddingCompat$Companion Companion
kotlin.coroutines.jvm.internal.ContinuationImpl: kotlin.coroutines.Continuation intercepted
kotlin.jvm.internal.Lambda: java.lang.String toString()
androidx.window.embedding.EmbeddingAdapter: boolean translateActivityIntentPredicates$lambda-3(androidx.window.embedding.EmbeddingAdapter,java.util.Set,android.util.Pair)
com.google.android.datatransport.runtime.backends.TransportBackendDiscovery: TransportBackendDiscovery()
com.google.firebase.analytics.connector.internal.AnalyticsConnectorRegistrar: AnalyticsConnectorRegistrar()
androidx.window.embedding.SplitRule: SplitRule(int,int,float,int)
androidx.window.layout.WindowInfoTrackerImpl: androidx.window.layout.WindowBackend windowBackend
androidx.window.embedding.ExtensionEmbeddingBackend: void getSplitChangeCallbacks$annotations()
androidx.window.layout.SidecarWindowBackend: void setWindowExtension(androidx.window.layout.ExtensionInterfaceCompat)
io.flutter.embedding.android.FlutterImageView$SurfaceKind: io.flutter.embedding.android.FlutterImageView$SurfaceKind valueOf(java.lang.String)
com.google.android.gms.internal.measurement.zzfy: java.lang.String zzQ
androidx.window.layout.SidecarAdapter$Companion: SidecarAdapter$Companion()
io.flutter.embedding.engine.FlutterJNI: void deferredComponentInstallFailure(int,java.lang.String,boolean)
androidx.window.layout.HardwareFoldingFeature$Companion: HardwareFoldingFeature$Companion(kotlin.jvm.internal.DefaultConstructorMarker)
com.google.firebase.messaging.reporting.MessagingClientEvent$MessageType: com.google.firebase.messaging.reporting.MessagingClientEvent$MessageType[] values()
com.google.android.gms.internal.measurement.zzfa
com.google.android.gms.internal.measurement.zzes: com.google.android.gms.internal.measurement.zzes zza
androidx.window.layout.SidecarCompat$registerConfigurationChangeListener$configChangeObserver$1: void onLowMemory()
kotlin.jvm.internal.FunctionReference: FunctionReference(int,java.lang.Object,java.lang.Class,java.lang.String,java.lang.String,int)
androidx.window.layout.SidecarCompat: androidx.window.layout.SidecarAdapter sidecarAdapter
com.google.android.gms.internal.measurement.zzgm: int zze
io.flutter.embedding.engine.FlutterJNI: void asyncWaitForVsync(long)
androidx.window.layout.SidecarWindowBackend: androidx.window.layout.SidecarWindowBackend globalInstance
kotlinx.coroutines.android.AndroidDispatcherFactory: AndroidDispatcherFactory()
androidx.window.embedding.SplitPairRule: java.util.Set filters
io.flutter.embedding.engine.mutatorsstack.FlutterMutatorsStack: android.graphics.Matrix getFinalMatrix()
androidx.window.embedding.EmbeddingTranslatingCallback: void accept(java.util.List)
kotlin.jvm.internal.FunctionReferenceImpl: FunctionReferenceImpl(int,kotlin.reflect.KDeclarationContainer,java.lang.String,java.lang.String)
org.chromium.support_lib_boundary.StaticsBoundaryInterface: void setSafeBrowsingWhitelist(java.util.List,android.webkit.ValueCallback)
androidx.media.AudioAttributesImplBaseParcelizer
kotlinx.coroutines.channels.ArrayChannel
com.google.android.gms.internal.measurement.zzeh: boolean zzj
io.flutter.embedding.engine.FlutterJNI: void nativeMarkTextureFrameAvailable(long,long)
io.flutter.embedding.engine.FlutterJNI: void onSurfaceChanged(int,int)
androidx.annotation.Keep
org.chromium.support_lib_boundary.WebMessagePortBoundaryInterface: void setWebMessageCallback(java.lang.reflect.InvocationHandler)
androidx.window.embedding.ExtensionEmbeddingBackend: androidx.window.embedding.ExtensionEmbeddingBackend$Companion Companion
io.flutter.view.AccessibilityViewEmbedder: android.view.accessibility.AccessibilityNodeInfo getRootNode(android.view.View,int,android.graphics.Rect)
androidx.window.embedding.ActivityFilter: android.content.ComponentName componentName