build/app/outputs/mapping/release/mapping.txt
# compiler: R8
# compiler_version: 2.1.62
# min_api: 21
# pg_map_id: 2c3fba6
# common_typos_disable
...
com.google.android.gms.internal.firebase_messaging.zzd -> f.a.a.b.d.d.d:
    com.google.firebase.encoders.config.Configurator zza -> a
    void configure(com.google.firebase.encoders.config.EncoderConfig) -> a
com.google.android.gms.internal.firebase_messaging.zze -> f.a.a.b.d.d.e:
    com.google.android.gms.internal.firebase_messaging.zzx zza -> a
    com.google.firebase.messaging.reporting.MessagingClientEventExtension zza() -> a
    byte[] zzc(java.lang.Object) -> b
com.google.android.gms.internal.firebase_messaging.zzf -> f.a.a.b.d.d.f:
com.google.android.gms.internal.firebase_messaging.zzg -> f.a.a.b.d.d.g:
com.google.android.gms.internal.firebase_messaging.zzh -> f.a.a.b.d.d.h:
com.google.android.gms.internal.firebase_messaging.zzi -> f.a.a.b.d.d.i:
    com.google.android.gms.internal.firebase_messaging.zzf zzb -> b
    com.google.android.gms.internal.firebase_messaging.zzf zza -> a
    com.google.android.gms.internal.firebase_messaging.zzf zza() -> a
com.google.android.gms.internal.firebase_messaging.zzj -> f.a.a.b.d.d.j:
com.google.android.gms.internal.firebase_messaging.zzk -> f.a.a.b.d.d.k:
    long zza -> l
    long zzb -> m
com.google.android.gms.internal.firebase_messaging.zzl -> f.a.a.b.d.d.l:
    java.io.InputStream zza(java.io.InputStream,long) -> a
    byte[] zzb(java.io.InputStream) -> b
    byte[] zzc(java.util.Queue,int) -> c
com.google.android.gms.internal.firebase_messaging.zzm -> f.a.a.b.d.d.m:
    java.util.logging.Logger zza -> a
    void zza(java.io.InputStream) -> a
com.google.android.gms.internal.firebase_messaging.zzn -> f.a.a.b.d.d.n:
    com.google.android.gms.internal.firebase_messaging.zzr zzb -> b
    int zza -> a
com.google.android.gms.internal.firebase_messaging.zzo -> f.a.a.b.d.d.o:
    com.google.android.gms.internal.firebase_messaging.zzr zzb -> b
    int zza -> a
    com.google.android.gms.internal.firebase_messaging.zzo zza(int) -> a
    com.google.android.gms.internal.firebase_messaging.zzs zzb() -> b
com.google.android.gms.internal.firebase_messaging.zzp -> f.a.a.b.d.d.p:
    long zza -> l
    long zza() -> a
com.google.android.gms.internal.firebase_messaging.zzq -> f.a.a.b.d.d.q:
    int getNumber() -> b
com.google.android.gms.internal.firebase_messaging.zzr -> f.a.a.b.d.d.r:
    com.google.android.gms.internal.firebase_messaging.zzr zzc -> n
    com.google.android.gms.internal.firebase_messaging.zzr[] zzd -> o
    com.google.android.gms.internal.firebase_messaging.zzr zza -> l
    com.google.android.gms.internal.firebase_messaging.zzr zzb -> m
com.google.android.gms.internal.firebase_messaging.zzs -> f.a.a.b.d.d.s:
com.google.android.gms.internal.firebase_messaging.zzt -> f.a.a.b.d.d.t:
    com.google.android.gms.internal.firebase_messaging.zzt zza -> a
    void encode(java.lang.Object,java.lang.Object) -> a