build/app/outputs/mapping/release/usage.txt
com.bludrusd.baubau.R$attr
com.bludrusd.baubau.R$xml
com.bludrusd.baubau.R$string
com.bludrusd.baubau.R$style
com.bludrusd.baubau.R$integer
com.bludrusd.baubau.R$styleable
com.bludrusd.baubau.R$drawable
com.bludrusd.baubau.R$layout
com.bludrusd.baubau.R$id
com.bludrusd.baubau.R$dimen
com.bludrusd.baubau.R
com.bludrusd.baubau.R$color
com.bludrusd.baubau.R$mipmap
com.bludrusd.baubau.BuildConfig
...
androidx.core.graphics.drawable.TintAwareDrawable
com.google.common.base.Platform
kotlinx.coroutines.flow.FlowKt__BuildersKt$asFlow$$inlined$unsafeFlow$7$1
androidx.annotation.AnimRes
com.google.common.collect.Tables$TransformedTable$3
kotlin.jvm.internal.Ref$ShortRef
com.google.android.gms.internal.common.zzac
kotlin.text.Regex$Serialized$Companion
com.google.android.datatransport.cct.internal.LogResponse:
    private static final java.lang.String LOG_TAG
android.support.v4.media.MediaMetadataCompat$LongKey
com.google.android.gms.internal.measurement.zzll:
    void <init>()
com.google.common.util.concurrent.Striped$CompactStriped
io.flutter.embedding.engine.plugins.FlutterPlugin$FlutterAssets:
    public abstract java.lang.String getAssetFilePathByName(java.lang.String,java.lang.String)
    public abstract java.lang.String getAssetFilePathBySubpath(java.lang.String)
    public abstract java.lang.String getAssetFilePathBySubpath(java.lang.String,java.lang.String)
kotlinx.coroutines.selects.SelectBuilderImpl$DisposeNode
com.google.common.escape.ArrayBasedCharEscaper
androidx.activity.OnBackPressedDispatcher:
    public void <init>()
    public void <init>(java.lang.Runnable)
    public void addCallback(androidx.activity.OnBackPressedCallback)
    public void addCallback(androidx.lifecycle.LifecycleOwner,androidx.activity.OnBackPressedCallback)
    public boolean hasEnabledCallbacks()
    private final java.lang.Runnable mFallbackOnBackPressed
    final java.util.ArrayDeque mOnBackPressedCallbacks
com.google.common.graph.MutableNetwork
com.google.android.gms.cloudmessaging.R
kotlinx.coroutines.flow.StateFlowSlot
androidx.annotation.experimental.Experimental$Level
com.google.common.hash.AbstractNonStreamingHashFunction
kotlin.ranges.URangesKt
com.google.common.collect.Sets$SetView
com.google.common.math.MathPreconditions
kotlin.ranges.LongRange
com.google.android.gms.common.api.ResultCallbacks
com.google.android.gms.common.api.internal.LifecycleFragment:
    public abstract android.app.Activity getLifecycleActivity()
    public abstract com.google.android.gms.common.api.internal.LifecycleCallback getCallbackOrNull(java.lang.String,java.lang.Class)
    public abstract void addCallback(java.lang.String,com.google.android.gms.common.api.internal.LifecycleCallback)
    public abstract void startActivityForResult(android.content.Intent,int)
    public abstract boolean isCreated()
    public abstract boolean isStarted()
com.google.firebase.installations.remote.AutoValue_InstallationResponse$Builder:
    private void <init>(com.google.firebase.installations.remote.InstallationResponse)
    synthetic void <init>(com.google.firebase.installations.remote.InstallationResponse,com.google.firebase.installations.remote.AutoValue_InstallationResponse$1)
android.support.v4.media.session.MediaSessionCompatApi21$QueueItem:
    public static java.lang.Object createItem(java.lang.Object,long)
    private void <init>()
com.google.android.gms.internal.common.zza:
    protected final void zzC(int,android.os.Parcel)
    protected final void zzD(int,android.os.Parcel)
androidx.core.view.KeyEventDispatcher
kotlin.collections.MapsKt:
    private void <init>()
android.support.v4.media.session.MediaControllerCompatApi21$PlaybackInfo:
    public static int getPlaybackType(java.lang.Object)
    public static int getVolumeControl(java.lang.Object)
    public static int getMaxVolume(java.lang.Object)
    public static int getCurrentVolume(java.lang.Object)
    private void <init>()
    private static final int FLAG_SCO
    private static final int STREAM_BLUETOOTH_SCO
    private static final int STREAM_SYSTEM_ENFORCED
io.flutter.BuildConfig
javax.annotation.Nonnull$Checker
kotlin.NumbersKt__BigDecimalsKt
kotlinx.coroutines.EventLoopImplBase$DelayedRunnableTask
kotlin.UInt$Companion
androidx.webkit.internal.WebMessageCallbackAdapter
com.google.common.collect.ArrayTable$3
com.google.common.graph.Graphs$TransposedGraph